{
  "stats": {
    "suites": 1,
    "tests": 4,
    "passes": 4,
    "pending": 0,
    "failures": 0,
    "start": "2021-03-19T01:48:36.718Z",
    "end": "2021-03-19T01:48:36.865Z",
    "duration": 147,
    "testsRegistered": 4,
    "passPercent": 100,
    "pendingPercent": 0,
    "other": 0,
    "hasOther": false,
    "skipped": 0,
    "hasSkipped": false,
    "passPercentClass": "success",
    "pendingPercentClass": "danger"
  },
  "suites": {
    "uuid": "f7cdae8d-93a6-48ad-a940-51801d56d693",
    "title": "",
    "fullFile": "",
    "file": "",
    "beforeHooks": [],
    "afterHooks": [],
    "tests": [],
    "suites": [
      {
        "uuid": "2301969a-b23a-40fd-9ce5-cda8a13f910e",
        "title": "Gamefication test_api e contrato",
        "fullFile": "/Users/danilo.policarpo/dev/Api_test_js/specs/crud_test.js",
        "file": "/specs/crud_test.js",
        "beforeHooks": [],
        "afterHooks": [],
        "tests": [
          {
            "title": "Realizar uma requisição GET",
            "fullTitle": "Gamefication test_api e contrato Realizar uma requisição GET",
            "timedOut": false,
            "duration": 46,
            "state": "passed",
            "speed": "medium",
            "pass": true,
            "fail": false,
            "pending": false,
            "code": "this.timeout(request_timeout);\nrequest(URL)\n.get(ENDPOINT)\n.expect(\"Content-Type\", /json/)\n.end(function(err, res) {\n    expect(res.status).to.be.eql(200);\n    joiAssert(res.body, schema_users);\n    done(err);\n    });",
            "err": {},
            "isRoot": false,
            "uuid": "088b1ba1-76e0-453a-b320-8e6311f0aaea",
            "isHook": false,
            "skipped": false
          },
          {
            "title": "Realizar uma requisição POST",
            "fullTitle": "Gamefication test_api e contrato Realizar uma requisição POST",
            "timedOut": false,
            "duration": 11,
            "state": "passed",
            "speed": "fast",
            "pass": true,
            "fail": false,
            "pending": false,
            "code": "this.timeout(request_timeout);\nrequest(URL)\n.post(ENDPOINT)\n.send(USERS)\n.expect(\"Content-Type\", /json/)\n.end(function(err, res) {\n    expect(res.status).to.be.eql(201);\n    done(err);\n    });",
            "err": {},
            "isRoot": false,
            "uuid": "cde01b2e-b2c1-4df7-8722-81e577e2f415",
            "isHook": false,
            "skipped": false
          },
          {
            "title": "Realizar uma requisição PUT",
            "fullTitle": "Gamefication test_api e contrato Realizar uma requisição PUT",
            "timedOut": false,
            "duration": 49,
            "state": "passed",
            "speed": "medium",
            "pass": true,
            "fail": false,
            "pending": false,
            "code": "this.timeout(request_timeout);\nrequest(URL)\n.put(UPDATE)\n.send(UPDATE_USERS)\n.expect(\"Content-Type\", /json/)\n.end(function(err, res) {\n    expect(res.status).to.be.eql(200);\n    done(err);\n   });",
            "err": {},
            "isRoot": false,
            "uuid": "c69fcf0c-708f-4aac-b509-a96997e48795",
            "isHook": false,
            "skipped": false
          },
          {
            "title": "Realizar uma requisição DELETE",
            "fullTitle": "Gamefication test_api e contrato Realizar uma requisição DELETE",
            "timedOut": false,
            "duration": 10,
            "state": "passed",
            "speed": "fast",
            "pass": true,
            "fail": false,
            "pending": false,
            "code": "this.timeout(request_timeout);\nrequest(URL)\n.delete(UPDATE)\n.expect(\"Content-Type\", /json/)\n.end(function(err, res) {\n    expect(res.status).to.be.eql(200);\n    done(err);\n   });",
            "err": {},
            "isRoot": false,
            "uuid": "127c230b-d375-4284-954a-af1b2cdd151b",
            "isHook": false,
            "skipped": false
          }
        ],
        "suites": [],
        "passes": [
          "088b1ba1-76e0-453a-b320-8e6311f0aaea",
          "cde01b2e-b2c1-4df7-8722-81e577e2f415",
          "c69fcf0c-708f-4aac-b509-a96997e48795",
          "127c230b-d375-4284-954a-af1b2cdd151b"
        ],
        "failures": [],
        "pending": [],
        "skipped": [],
        "duration": 116,
        "root": false,
        "rootEmpty": false,
        "_timeout": 2000
      }
    ],
    "passes": [],
    "failures": [],
    "pending": [],
    "skipped": [],
    "duration": 0,
    "root": true,
    "rootEmpty": true,
    "_timeout": 2000
  },
  "copyrightYear": 2021
}